{"/Users/jn/Documents/Proyectos/thepetsproject/account-login-manager/src/routes/login/index.ts": {"path":"/Users/jn/Documents/Proyectos/thepetsproject/account-login-manager/src/routes/login/index.ts","statementMap":{"0":{"start":{"line":11,"column":28},"end":{"line":32,"column":null}},"1":{"start":{"line":15,"column":23},"end":{"line":32,"column":null}},"2":{"start":{"line":16,"column":30},"end":{"line":16,"column":38}},"3":{"start":{"line":17,"column":21},"end":{"line":19,"column":4}},"4":{"start":{"line":21,"column":2},"end":{"line":23,"column":null}},"5":{"start":{"line":22,"column":4},"end":{"line":22,"column":null}},"6":{"start":{"line":25,"column":19},"end":{"line":25,"column":59}},"7":{"start":{"line":27,"column":2},"end":{"line":29,"column":null}},"8":{"start":{"line":28,"column":4},"end":{"line":28,"column":null}},"9":{"start":{"line":31,"column":2},"end":{"line":31,"column":null}},"10":{"start":{"line":11,"column":13},"end":{"line":11,"column":28}},"11":{"start":{"line":34,"column":44},"end":{"line":37,"column":73}},"12":{"start":{"line":37,"column":13},"end":{"line":37,"column":73}},"13":{"start":{"line":37,"column":44},"end":{"line":37,"column":72}},"14":{"start":{"line":34,"column":13},"end":{"line":34,"column":44}}},"fnMap":{"0":{"name":"(anonymous_7)","decl":{"start":{"line":11,"column":28},"end":{"line":11,"column":null}},"loc":{"start":{"line":15,"column":23},"end":{"line":32,"column":null}}},"1":{"name":"(anonymous_8)","decl":{"start":{"line":15,"column":23},"end":{"line":15,"column":null}},"loc":{"start":{"line":15,"column":23},"end":{"line":32,"column":1}}},"2":{"name":"(anonymous_9)","decl":{"start":{"line":34,"column":44},"end":{"line":34,"column":null}},"loc":{"start":{"line":37,"column":13},"end":{"line":37,"column":73}}},"3":{"name":"(anonymous_10)","decl":{"start":{"line":37,"column":30},"end":{"line":37,"column":31}},"loc":{"start":{"line":37,"column":44},"end":{"line":37,"column":72}}}},"branchMap":{"0":{"loc":{"start":{"line":21,"column":2},"end":{"line":23,"column":null}},"type":"if","locations":[{"start":{"line":21,"column":2},"end":{"line":23,"column":null}}]},"1":{"loc":{"start":{"line":27,"column":2},"end":{"line":29,"column":null}},"type":"if","locations":[{"start":{"line":27,"column":2},"end":{"line":29,"column":null}}]}},"s":{"0":1,"1":3,"2":3,"3":3,"4":3,"5":1,"6":2,"7":2,"8":1,"9":1,"10":1,"11":1,"12":1,"13":0,"14":1},"f":{"0":3,"1":3,"2":1,"3":0},"b":{"0":[1],"1":[1]}}
}
